<?xml version="1.0" encoding="UTF-8"?>
<!-- Generated by org.testng.reporters.JUnitReportReporter -->
<testsuite skipped="0" hostname="NGBLR-01024" name="com.amazon.qa.testcases.LoginPageTest" tests="2" failures="0" timestamp="23 Apr 2019 07:37:59 GMT" time="43.859" errors="0">
  <testcase name="SignIn" time="23.700" classname="com.amazon.qa.testcases.LoginPageTest"/>
  <testcase name="loginPageLogoTest" time="20.159" classname="com.amazon.qa.testcases.LoginPageTest"/>
</testsuite> <!-- com.amazon.qa.testcases.LoginPageTest -->
